<?xml version="1.0" encoding="UTF-8"?>
<testng-results skipped="0" failed="0" total="1" passed="1">
  <reporter-output>
  </reporter-output>
  <suite name="Suite" duration-ms="51906" started-at="2020-12-15T17:53:58Z" finished-at="2020-12-15T17:54:50Z">
    <groups>
    </groups>
    <test name="Test" duration-ms="51906" started-at="2020-12-15T17:53:58Z" finished-at="2020-12-15T17:54:50Z">
      <class name="org.test.ProgramFirst">
        <test-method status="PASS" signature="launchBrowser()[pri:0, instance:org.test.ProgramFirst@101b7af]" name="launchBrowser" is-config="true" duration-ms="17193" started-at="2020-12-15T23:23:58Z" finished-at="2020-12-15T23:24:15Z">
          <reporter-output>
          </reporter-output>
        </test-method> <!-- launchBrowser -->
        <test-method status="PASS" signature="tc1(java.lang.String, java.lang.String, java.lang.String, java.lang.String)[pri:0, instance:org.test.ProgramFirst@101b7af]" name="tc1" duration-ms="34682" started-at="2020-12-15T23:24:15Z" finished-at="2020-12-15T23:24:50Z">
          <params>
            <param index="0">
              <value>
                <![CDATA[mobiles]]>
              </value>
            </param>
            <param index="1">
              <value>
                <![CDATA[The Product Names are below]]>
              </value>
            </param>
            <param index="2">
              <value>
                <![CDATA[The Product Name with out duplicates]]>
              </value>
            </param>
            <param index="3">
              <value>
                <![CDATA[The Product Cost greater than 10,000]]>
              </value>
            </param>
          </params>
          <reporter-output>
          </reporter-output>
        </test-method> <!-- tc1 -->
        <test-method status="PASS" signature="quitBrowser()[pri:0, instance:org.test.ProgramFirst@101b7af]" name="quitBrowser" is-config="true" duration-ms="0" started-at="2020-12-15T23:24:50Z" finished-at="2020-12-15T23:24:50Z">
          <reporter-output>
          </reporter-output>
        </test-method> <!-- quitBrowser -->
      </class> <!-- org.test.ProgramFirst -->
    </test> <!-- Test -->
  </suite> <!-- Suite -->
</testng-results>
